<?xml version="1.0" encoding="UTF-8"?><testsuite errors="0" failures="0" name="com.bestbuy.productsnstoresinfo.ProductCRUDTestWithSteps" skipped="0" tests="4" time="3.08" timestamp="2023-01-02T06:23:15.205Z[Europe/London]"><testcase classname="com.bestbuy.productsnstoresinfo.ProductCRUDTestWithSteps" name="T1-This will create a new product"/><testcase classname="com.bestbuy.productsnstoresinfo.ProductCRUDTestWithSteps" name="T2-Verify if the product was added to the list"/><testcase classname="com.bestbuy.productsnstoresinfo.ProductCRUDTestWithSteps" name="T3-Update the product details and verify the updated information"/><testcase classname="com.bestbuy.productsnstoresinfo.ProductCRUDTestWithSteps" name="T4-Delete the product and verify if the product has been deleted"/></testsuite>