<?xml version="1.0" encoding="UTF-8"?><testsuite errors="0" failures="0" name="com.bestbuy.productsnstoresinfo.StoresCRUDTestWithSteps" skipped="0" tests="4" time="0.16" timestamp="2023-01-02T06:23:19.257Z[Europe/London]"><testcase classname="com.bestbuy.productsnstoresinfo.StoresCRUDTestWithSteps" name="T1-This will create a new store"/><testcase classname="com.bestbuy.productsnstoresinfo.StoresCRUDTestWithSteps" name="T2-Verify if the store was added to the list"/><testcase classname="com.bestbuy.productsnstoresinfo.StoresCRUDTestWithSteps" name="T3-Update the store details and verify the updated information"/><testcase classname="com.bestbuy.productsnstoresinfo.StoresCRUDTestWithSteps" name="T4-Delete the store and verify if the store has been deleted"/></testsuite>